  AIManager.cpp
C:\Users\s011459k\Documents\GitHub\Staffs-AI\AIFramework 2022\Vehicle.h(40,43): warning C4100: 'maxSpeed': unreferenced formal parameter
C:\Users\s011459k\Documents\GitHub\Staffs-AI\AIFramework 2022\AIManager.cpp(45,11): warning C4189: 'yPos2': local variable is initialized but not referenced
C:\Users\s011459k\Documents\GitHub\Staffs-AI\AIFramework 2022\AIManager.cpp(44,11): warning C4189: 'xPos2': local variable is initialized but not referenced
C:\Users\s011459k\Documents\GitHub\Staffs-AI\AIFramework 2022\AIManager.cpp(203,30): warning C4100: 'param': unreferenced formal parameter
  FiniteSM.cpp
C:\Users\s011459k\Documents\GitHub\Staffs-AI\AIFramework 2022\FiniteSM.h(7,15): error C2143: syntax error: missing ';' before '<'
C:\Users\s011459k\Documents\GitHub\Staffs-AI\AIFramework 2022\FiniteSM.h(7,15): error C4430: missing type specifier - int assumed. Note: C++ does not support default-int
C:\Users\s011459k\Documents\GitHub\Staffs-AI\AIFramework 2022\FiniteSM.h(12,40): error C2061: syntax error: identifier 'vecPickups'
C:\Users\s011459k\Documents\GitHub\Staffs-AI\AIFramework 2022\FiniteSM.h(27,12): error C2143: syntax error: missing ';' before '*'
C:\Users\s011459k\Documents\GitHub\Staffs-AI\AIFramework 2022\FiniteSM.h(27,12): error C4430: missing type specifier - int assumed. Note: C++ does not support default-int
C:\Users\s011459k\Documents\GitHub\Staffs-AI\AIFramework 2022\FiniteSM.h(27,21): error C2238: unexpected token(s) preceding ';'
C:\Users\s011459k\Documents\GitHub\Staffs-AI\AIFramework 2022\WaypointManager.h(19,15): error C2872: 'vector': ambiguous symbol
C:\Users\s011459k\Documents\GitHub\Staffs-AI\AIFramework 2022\FiniteSM.h(7,9): message : could be 'int vector'
C:\Program Files (x86)\Microsoft Visual Studio\2019\Professional\VC\Tools\MSVC\14.28.29910\include\vector(416,1): message : or       'std::vector'
C:\Users\s011459k\Documents\GitHub\Staffs-AI\AIFramework 2022\WaypointManager.h(19,15): error C2059: syntax error: '<'
C:\Users\s011459k\Documents\GitHub\Staffs-AI\AIFramework 2022\WaypointManager.h(20,16): error C2872: 'vector': ambiguous symbol
C:\Users\s011459k\Documents\GitHub\Staffs-AI\AIFramework 2022\FiniteSM.h(7,9): message : could be 'int vector'
C:\Program Files (x86)\Microsoft Visual Studio\2019\Professional\VC\Tools\MSVC\14.28.29910\include\vector(416,1): message : or       'std::vector'
C:\Users\s011459k\Documents\GitHub\Staffs-AI\AIFramework 2022\WaypointManager.h(20,16): error C2059: syntax error: '<'
C:\Users\s011459k\Documents\GitHub\Staffs-AI\AIFramework 2022\WaypointManager.h(41,15): error C3646: 'getNeighbouringWaypoints': unknown override specifier
C:\Users\s011459k\Documents\GitHub\Staffs-AI\AIFramework 2022\WaypointManager.h(41,39): error C2059: syntax error: '('
C:\Users\s011459k\Documents\GitHub\Staffs-AI\AIFramework 2022\WaypointManager.h(41,59): error C2238: unexpected token(s) preceding ';'
C:\Users\s011459k\Documents\GitHub\Staffs-AI\AIFramework 2022\WaypointManager.h(49,15): error C3646: 'm_waypoints': unknown override specifier
C:\Users\s011459k\Documents\GitHub\Staffs-AI\AIFramework 2022\WaypointManager.h(49,26): error C4430: missing type specifier - int assumed. Note: C++ does not support default-int
C:\Users\s011459k\Documents\GitHub\Staffs-AI\AIFramework 2022\WaypointManager.h(50,15): error C3646: 'm_quadpoints': unknown override specifier
C:\Users\s011459k\Documents\GitHub\Staffs-AI\AIFramework 2022\WaypointManager.h(50,27): error C4430: missing type specifier - int assumed. Note: C++ does not support default-int
C:\Users\s011459k\Documents\GitHub\Staffs-AI\AIFramework 2022\WaypointManager.h(52,17): error C3646: 'm_boundingBoxes': unknown override specifier
C:\Users\s011459k\Documents\GitHub\Staffs-AI\AIFramework 2022\WaypointManager.h(52,32): error C4430: missing type specifier - int assumed. Note: C++ does not support default-int
C:\Users\s011459k\Documents\GitHub\Staffs-AI\AIFramework 2022\WaypointManager.h(32,37): error C2065: 'm_waypoints': undeclared identifier
C:\Users\s011459k\Documents\GitHub\Staffs-AI\AIFramework 2022\WaypointManager.h(35,38): error C2065: 'm_quadpoints': undeclared identifier
C:\Users\s011459k\Documents\GitHub\Staffs-AI\AIFramework 2022\FiniteSM.cpp(6,49): error C2061: syntax error: identifier 'vecPickups'
C:\Users\s011459k\Documents\GitHub\Staffs-AI\AIFramework 2022\FiniteSM.cpp(13,2): error C2065: 'm_items': undeclared identifier
C:\Users\s011459k\Documents\GitHub\Staffs-AI\AIFramework 2022\FiniteSM.cpp(13,12): error C2065: 'pickups': undeclared identifier
C:\Users\s011459k\Documents\GitHub\Staffs-AI\AIFramework 2022\FiniteSM.cpp(123,84): error C2065: 'm_items': undeclared identifier
C:\Users\s011459k\Documents\GitHub\Staffs-AI\AIFramework 2022\FiniteSM.cpp(128,25): error C2065: 'm_items': undeclared identifier
C:\Users\s011459k\Documents\GitHub\Staffs-AI\AIFramework 2022\FiniteSM.cpp(130,10): error C2065: 'm_items': undeclared identifier
C:\Users\s011459k\Documents\GitHub\Staffs-AI\AIFramework 2022\FiniteSM.cpp(132,17): error C2065: 'm_items': undeclared identifier
C:\Users\s011459k\Documents\GitHub\Staffs-AI\AIFramework 2022\FiniteSM.cpp(134,10): error C2065: 'm_items': undeclared identifier
C:\Users\s011459k\Documents\GitHub\Staffs-AI\AIFramework 2022\FiniteSM.cpp(136,22): error C2065: 'm_items': undeclared identifier
C:\Users\s011459k\Documents\GitHub\Staffs-AI\AIFramework 2022\FiniteSM.cpp(148,26): error C2065: 'm_items': undeclared identifier
C:\Users\s011459k\Documents\GitHub\Staffs-AI\AIFramework 2022\FiniteSM.cpp(150,11): error C2065: 'm_items': undeclared identifier
C:\Users\s011459k\Documents\GitHub\Staffs-AI\AIFramework 2022\FiniteSM.cpp(152,18): error C2065: 'm_items': undeclared identifier
C:\Users\s011459k\Documents\GitHub\Staffs-AI\AIFramework 2022\FiniteSM.cpp(154,11): error C2065: 'm_items': undeclared identifier
C:\Users\s011459k\Documents\GitHub\Staffs-AI\AIFramework 2022\FiniteSM.cpp(156,23): error C2065: 'm_items': undeclared identifier
  main.cpp
C:\Users\s011459k\Documents\GitHub\Staffs-AI\AIFramework 2022\Vehicle.h(40,43): warning C4100: 'maxSpeed': unreferenced formal parameter
C:\Users\s011459k\Documents\GitHub\Staffs-AI\AIFramework 2022\main.cpp(93,15): warning C4244: 'argument': conversion from 'time_t' to 'unsigned int', possible loss of data
  MovementManager.cpp
C:\Users\s011459k\Documents\GitHub\Staffs-AI\AIFramework 2022\Vehicle.h(40,43): warning C4100: 'maxSpeed': unreferenced formal parameter
C:\Users\s011459k\Documents\GitHub\Staffs-AI\AIFramework 2022\MovementManager.cpp(43,29): warning C4244: 'initializing': conversion from 'double' to 'float', possible loss of data
C:\Users\s011459k\Documents\GitHub\Staffs-AI\AIFramework 2022\MovementManager.cpp(55,19): warning C4244: 'initializing': conversion from 'double' to 'float', possible loss of data
C:\Users\s011459k\Documents\GitHub\Staffs-AI\AIFramework 2022\MovementManager.cpp(64,21): warning C4244: 'initializing': conversion from 'double' to 'float', possible loss of data
C:\Users\s011459k\Documents\GitHub\Staffs-AI\AIFramework 2022\MovementManager.cpp(66,22): warning C4244: 'initializing': conversion from 'double' to 'float', possible loss of data
C:\Users\s011459k\Documents\GitHub\Staffs-AI\AIFramework 2022\MovementManager.cpp(82,19): warning C4244: 'initializing': conversion from 'double' to 'float', possible loss of data
C:\Users\s011459k\Documents\GitHub\Staffs-AI\AIFramework 2022\MovementManager.cpp(86,21): warning C4244: 'initializing': conversion from 'double' to 'float', possible loss of data
C:\Users\s011459k\Documents\GitHub\Staffs-AI\AIFramework 2022\MovementManager.cpp(88,22): warning C4244: 'initializing': conversion from 'double' to 'float', possible loss of data
  Vehicle.cpp
C:\Users\s011459k\Documents\GitHub\Staffs-AI\AIFramework 2022\Vehicle.h(40,43): warning C4100: 'maxSpeed': unreferenced formal parameter
C:\Users\s011459k\Documents\GitHub\Staffs-AI\AIFramework 2022\Vehicle.cpp(50,25): warning C4244: '-=': conversion from 'double' to 'float', possible loss of data
  Generating Code...
